<?xml version="1.0" encoding="UTF-8"?>
<testsuite name="cucumber.jvm.parallel.cucumber.SearchTwoAT" time="14.065" tests="25" errors="0" skipped="0" failures="0">
  <properties>
[...]
</properties>
  <testcase name="Given I am on the website &apos;http://www.google.co.uk&apos;" classname="Scenario: Submit search term 1" time="0.002"/>
  <testcase name="When I submit the search term &apos;opencredo&apos;" classname="Scenario: Submit search term 1" time="0"/>
  <testcase name="And accept the first search result" classname="Scenario: Submit search term 1" time="0"/>
  <testcase name="Then I should be on the page &apos;http://www.opencredo.com/&apos;" classname="Scenario: Submit search term 1" time="0"/>
  <testcase name="Scenario: Submit search term 1" classname="Scenario: Submit search term 1" time="2.531"/>
  <testcase name="Given I am on the website &apos;http://www.google.co.uk&apos;" classname="Scenario: Submit search term 2" time="0.001"/>
  <testcase name="When I submit the search term &apos;opencredo&apos;" classname="Scenario: Submit search term 2" time="0.001"/>
  <testcase name="And accept the first search result" classname="Scenario: Submit search term 2" time="0"/>
  <testcase name="Then I should be on the page &apos;http://www.opencredo.com/&apos;" classname="Scenario: Submit search term 2" time="0"/>
  <testcase name="Scenario: Submit search term 2" classname="Scenario: Submit search term 2" time="1.992"/>
  <testcase name="Given I am on the website &apos;http://www.google.co.uk&apos;" classname="Scenario: Submit search term 3" time="0.002"/>
  <testcase name="When I submit the search term &apos;opencredo&apos;" classname="Scenario: Submit search term 3" time="0"/>
  <testcase name="And accept the first search result" classname="Scenario: Submit search term 3" time="0"/>
  <testcase name="Then I should be on the page &apos;http://www.opencredo.com/&apos;" classname="Scenario: Submit search term 3" time="0"/>
  <testcase name="Scenario: Submit search term 3" classname="Scenario: Submit search term 3" time="3.427"/>
  <testcase name="Given I am on the website &apos;http://www.google.co.uk&apos;" classname="Scenario: Submit search term 4" time="0"/>
  <testcase name="When I submit the search term &apos;opencredo&apos;" classname="Scenario: Submit search term 4" time="0"/>
  <testcase name="And accept the first search result" classname="Scenario: Submit search term 4" time="0"/>
  <testcase name="Then I should be on the page &apos;http://www.opencredo.com/&apos;" classname="Scenario: Submit search term 4" time="0"/>
  <testcase name="Scenario: Submit search term 4" classname="Scenario: Submit search term 4" time="3.399"/>
  <testcase name="Given I am on the website &apos;http://www.google.co.uk&apos;" classname="Scenario: Submit search term 5" time="0"/>
  <testcase name="When I submit the search term &apos;opencredo&apos;" classname="Scenario: Submit search term 5" time="0.001"/>
  <testcase name="And accept the first search result" classname="Scenario: Submit search term 5" time="0"/>
  <testcase name="Then I should be on the page &apos;http://www.opencredo.com/&apos;" classname="Scenario: Submit search term 5" time="0"/>
  <testcase name="Scenario: Submit search term 5" classname="Scenario: Submit search term 5" time="2.709"/>
</testsuite>